app/build/outputs/logs/manifest-merger-debug-report.txt
-- Merging decision tree log ---
manifest
ADDED from src\main\AndroidManifest.xml:2:1-92:12
INJECTED from src\main\AndroidManifest.xml:2:1-92:12
INJECTED from src\main\AndroidManifest.xml:2:1-92:12
INJECTED from src\main\AndroidManifest.xml:2:1-92:12
MERGED from [de.keyboardsurfer.android.widget:crouton:1.8.5] AndroidManifest.xml:17:1-26:12
MERGED from [com.android.support:design:25.3.1] AndroidManifest.xml:17:1-31:12
MERGED from [com.google.android.gms:play-services:10.2.6] AndroidManifest.xml:2:1-6:12
MERGED from [com.google.android.gms:play-services-cast-framework:10.2.6] AndroidManifest.xml:2:1-9:12
MERGED from [com.google.android.gms:play-services-cast:10.2.6] AndroidManifest.xml:16:1-19:12
MERGED from [com.android.support:mediarouter-v7:25.2.0] AndroidManifest.xml:17:1-24:12
MERGED from [com.android.support:appcompat-v7:25.3.1] AndroidManifest.xml:17:1-31:12
MERGED from [com.android.support.constraint:constraint-layout:1.0.2] AndroidManifest.xml:2:1-11:12
MERGED from [io.realm:android-adapters:2.0.0] AndroidManifest.xml:2:1-10:12
MERGED from [com.github.clans:fab:1.6.2] AndroidManifest.xml:2:1-14:12
MERGED from [com.google.firebase:firebase-messaging:10.2.6] AndroidManifest.xml:16:1-30:12
MERGED from [com.android.support:cardview-v7:25.3.1] AndroidManifest.xml:17:1-28:12
MERGED from [com.android.support:recyclerview-v7:25.3.1] AndroidManifest.xml:17:1-26:12
MERGED from [com.google.firebase:firebase-core:10.2.6] AndroidManifest.xml:2:1-6:12
MERGED from [com.android.support:multidex:1.0.2] AndroidManifest.xml:17:1-22:12
MERGED from [com.android.support:transition:25.3.1] AndroidManifest.xml:17:1-28:12
MERGED from [com.google.firebase:firebase-config:10.2.6] AndroidManifest.xml:16:1-19:12
MERGED from [com.google.firebase:firebase-crash:10.2.6] AndroidManifest.xml:16:1-25:12
MERGED from [com.google.android.gms:play-services-tagmanager:10.2.6] AndroidManifest.xml:16:1-18:12
MERGED from [com.google.android.gms:play-services-tagmanager-api:10.2.6] AndroidManifest.xml:16:1-34:12
MERGED from [com.google.firebase:firebase-analytics:10.2.6] AndroidManifest.xml:16:1-34:12
MERGED from [com.google.firebase:firebase-analytics-impl:10.2.6] AndroidManifest.xml:16:1-29:12
MERGED from [com.google.firebase:firebase-iid:10.2.6] AndroidManifest.xml:16:1-50:12
MERGED from [com.google.firebase:firebase-auth:10.2.6] AndroidManifest.xml:16:1-21:12
MERGED from [com.google.firebase:firebase-database:10.2.6] AndroidManifest.xml:2:1-4:12
MERGED from [com.google.firebase:firebase-database-connection:10.2.6] AndroidManifest.xml:2:1-4:12
MERGED from [com.google.firebase:firebase-storage:10.2.6] AndroidManifest.xml:2:1-4:12
MERGED from [com.google.firebase:firebase-appindexing:10.2.6] AndroidManifest.xml:16:1-19:12
MERGED from [com.google.firebase:firebase-common:10.2.6] AndroidManifest.xml:2:1-8:12
MERGED from [com.google.android.gms:play-services-ads:10.2.6] AndroidManifest.xml:16:1-18:12
MERGED from [com.google.android.gms:play-services-ads-lite:10.2.6] AndroidManifest.xml:16:1-28:12
MERGED from [com.google.android.gms:play-services-analytics:10.2.6] AndroidManifest.xml:16:1-27:12
MERGED from [com.google.android.gms:play-services-tagmanager-v4-impl:10.2.6] AndroidManifest.xml:16:1-20:12
MERGED from [com.google.android.gms:play-services-analytics-impl:10.2.6] AndroidManifest.xml:16:1-27:12
MERGED from [com.google.android.gms:play-services-appinvite:10.2.6] AndroidManifest.xml:16:1-27:12
MERGED from [com.google.android.gms:play-services-auth:10.2.6] AndroidManifest.xml:16:1-26:12
MERGED from [com.google.android.gms:play-services-auth-base:10.2.6] AndroidManifest.xml:2:1-5:12
MERGED from [com.google.android.gms:play-services-clearcut:10.2.6] AndroidManifest.xml:16:1-19:12
MERGED from [com.google.android.gms:play-services-awareness:10.2.6] AndroidManifest.xml:16:1-19:12
MERGED from [com.google.android.gms:play-services-games:10.2.6] AndroidManifest.xml:16:1-19:12
MERGED from [com.google.android.gms:play-services-drive:10.2.6] AndroidManifest.xml:16:1-19:12
MERGED from [com.google.android.gms:play-services-fitness:10.2.6] AndroidManifest.xml:16:1-19:12
MERGED from [com.google.android.gms:play-services-gcm:10.2.6] AndroidManifest.xml:16:1-24:12
MERGED from [com.google.android.gms:play-services-wallet:10.2.6] AndroidManifest.xml:16:1-20:12
MERGED from [com.google.android.gms:play-services-identity:10.2.6] AndroidManifest.xml:16:1-19:12
MERGED from [com.google.android.gms:play-services-iid:10.2.6] AndroidManifest.xml:16:1-24:12
MERGED from [com.google.android.gms:play-services-instantapps:10.2.6] AndroidManifest.xml:2:1-4:12
MERGED from [com.google.android.gms:play-services-location:10.2.6] AndroidManifest.xml:2:1-5:12
MERGED from [com.google.android.gms:play-services-places:10.2.6] AndroidManifest.xml:16:1-19:12
MERGED from [com.google.android.gms:play-services-maps:10.2.6] AndroidManifest.xml:16:1-25:12
MERGED from [com.google.android.gms:play-services-nearby:10.2.6] AndroidManifest.xml:2:1-6:12
MERGED from [com.google.android.gms:play-services-panorama:10.2.6] AndroidManifest.xml:16:1-19:12
MERGED from [com.google.android.gms:play-services-plus:10.2.6] AndroidManifest.xml:16:1-19:12
MERGED from [com.google.android.gms:play-services-safetynet:10.2.6] AndroidManifest.xml:16:1-19:12
MERGED from [com.google.android.gms:play-services-vision:10.2.6] AndroidManifest.xml:2:1-5:12
MERGED from [com.google.android.gms:play-services-wearable:10.2.6] AndroidManifest.xml:16:1-19:12
MERGED from [com.google.android.gms:play-services-base:10.2.6] AndroidManifest.xml:16:1-21:12
MERGED from [com.google.firebase:firebase-storage-common:10.2.6] AndroidManifest.xml:2:1-4:12
MERGED from [com.google.android.gms:play-services-gass:10.2.6] AndroidManifest.xml:2:1-5:12
MERGED from [com.google.android.gms:play-services-tasks:10.2.6] AndroidManifest.xml:2:1-5:12
MERGED from [com.google.android.gms:play-services-basement:10.2.6] AndroidManifest.xml:16:1-23:12
MERGED from [com.android.support:support-v4:25.3.1] AndroidManifest.xml:17:1-31:12
MERGED from [com.android.support:support-fragment:25.3.1] AndroidManifest.xml:17:1-31:12
MERGED from [com.android.support:support-core-ui:25.3.1] AndroidManifest.xml:17:1-31:12
MERGED from [com.android.support:support-media-compat:25.3.1] AndroidManifest.xml:17:1-31:12
MERGED from [com.android.support:animated-vector-drawable:25.3.1] AndroidManifest.xml:17:1-28:12
MERGED from [com.android.support:support-vector-drawable:25.3.1] AndroidManifest.xml:17:1-28:12
MERGED from [com.android.support:palette-v7:25.2.0] AndroidManifest.xml:17:1-25:12
MERGED from [com.android.support:support-core-utils:25.3.1] AndroidManifest.xml:17:1-31:12
MERGED from [com.android.support:support-compat:25.3.1] AndroidManifest.xml:17:1-31:12
INJECTED from src\main\AndroidManifest.xml:2:1-92:12
INJECTED from src\main\AndroidManifest.xml:2:1-92:12
INJECTED from src\main\AndroidManifest.xml:2:1-92:12
	package
		ADDED from src\main\AndroidManifest.xml:4:5-41
		INJECTED from src\main\AndroidManifest.xml
		INJECTED from src\main\AndroidManifest.xml
	android:versionName
		INJECTED from src\main\AndroidManifest.xml
		ADDED from src\main\AndroidManifest.xml:2:1-92:12
		INJECTED from src\main\AndroidManifest.xml
	xmlns:tools
		ADDED from src\main\AndroidManifest.xml:3:5-51
	android:versionCode
		INJECTED from src\main\AndroidManifest.xml
		ADDED from src\main\AndroidManifest.xml:2:1-92:12
		INJECTED from src\main\AndroidManifest.xml
	xmlns:android
		ADDED from src\main\AndroidManifest.xml:2:11-69
uses-permission#android.permission.INTERNET
ADDED from src\main\AndroidManifest.xml:6:5-67
MERGED from [com.google.firebase:firebase-crash:10.2.6] AndroidManifest.xml:18:5-66
MERGED from [com.google.firebase:firebase-crash:10.2.6] AndroidManifest.xml:18:5-66
MERGED from [com.google.android.gms:play-services-tagmanager-api:10.2.6] AndroidManifest.xml:20:5-66
MERGED from [com.google.android.gms:play-services-tagmanager-api:10.2.6] AndroidManifest.xml:20:5-66
MERGED from [com.google.firebase:firebase-analytics:10.2.6] AndroidManifest.xml:20:5-66
MERGED from [com.google.firebase:firebase-analytics:10.2.6] AndroidManifest.xml:20:5-66
MERGED from [com.google.firebase:firebase-analytics-impl:10.2.6] AndroidManifest.xml:20:5-66
MERGED from [com.google.firebase:firebase-analytics-impl:10.2.6] AndroidManifest.xml:20:5-66
MERGED from [com.google.firebase:firebase-iid:10.2.6] AndroidManifest.xml:20:5-66
MERGED from [com.google.firebase:firebase-iid:10.2.6] AndroidManifest.xml:20:5-66
MERGED from [com.google.android.gms:play-services-ads-lite:10.2.6] AndroidManifest.xml:19:5-66
MERGED from [com.google.android.gms:play-services-ads-lite:10.2.6] AndroidManifest.xml:19:5-66
MERGED from [com.google.android.gms:play-services-analytics:10.2.6] AndroidManifest.xml:20:5-66
MERGED from [com.google.android.gms:play-services-analytics:10.2.6] AndroidManifest.xml:20:5-66
MERGED from [com.google.android.gms:play-services-analytics-impl:10.2.6] AndroidManifest.xml:20:5-66
MERGED from [com.google.android.gms:play-services-analytics-impl:10.2.6] AndroidManifest.xml:20:5-66
MERGED from [com.google.android.gms:play-services-appinvite:10.2.6] AndroidManifest.xml:18:5-66
MERGED from [com.google.android.gms:play-services-appinvite:10.2.6] AndroidManifest.xml:18:5-66
MERGED from [com.google.android.gms:play-services-gcm:10.2.6] AndroidManifest.xml:21:5-66
MERGED from [com.google.android.gms:play-services-gcm:10.2.6] AndroidManifest.xml:21:5-66
MERGED from [com.google.android.gms:play-services-iid:10.2.6] AndroidManifest.xml:21:5-66
MERGED from [com.google.android.gms:play-services-iid:10.2.6] AndroidManifest.xml:21:5-66
MERGED from [com.google.android.gms:play-services-maps:10.2.6] AndroidManifest.xml:20:5-66
MERGED from [com.google.android.gms:play-services-maps:10.2.6] AndroidManifest.xml:20:5-66
	android:name
		ADDED from src\main\AndroidManifest.xml:6:22-64
uses-permission#android.permission.ACCESS_NETWORK_STATE
ADDED from src\main\AndroidManifest.xml:8:5-78
MERGED from [com.google.android.gms:play-services-tagmanager-api:10.2.6] AndroidManifest.xml:21:5-78
MERGED from [com.google.android.gms:play-services-tagmanager-api:10.2.6] AndroidManifest.xml:21:5-78
MERGED from [com.google.firebase:firebase-analytics:10.2.6] AndroidManifest.xml:21:5-78
MERGED from [com.google.firebase:firebase-analytics:10.2.6] AndroidManifest.xml:21:5-78
MERGED from [com.google.firebase:firebase-analytics-impl:10.2.6] AndroidManifest.xml:21:5-78
MERGED from [com.google.firebase:firebase-analytics-impl:10.2.6] AndroidManifest.xml:21:5-78
MERGED from [com.google.firebase:firebase-iid:10.2.6] AndroidManifest.xml:19:5-78
MERGED from [com.google.firebase:firebase-iid:10.2.6] AndroidManifest.xml:19:5-78
MERGED from [com.google.android.gms:play-services-ads-lite:10.2.6] AndroidManifest.xml:20:5-78
MERGED from [com.google.android.gms:play-services-ads-lite:10.2.6] AndroidManifest.xml:20:5-78
MERGED from [com.google.android.gms:play-services-analytics:10.2.6] AndroidManifest.xml:21:5-78
MERGED from [com.google.android.gms:play-services-analytics:10.2.6] AndroidManifest.xml:21:5-78
MERGED from [com.google.android.gms:play-services-analytics-impl:10.2.6] AndroidManifest.xml:21:5-78
MERGED from [com.google.android.gms:play-services-analytics-impl:10.2.6] AndroidManifest.xml:21:5-78
MERGED from [com.google.android.gms:play-services-maps:10.2.6] AndroidManifest.xml:19:5-78
MERGED from [com.google.android.gms:play-services-maps:10.2.6] AndroidManifest.xml:19:5-78
MERGED from [com.google.android.gms:play-services-nearby:10.2.6] AndroidManifest.xml:4:5-78
MERGED from [com.google.android.gms:play-services-nearby:10.2.6] AndroidManifest.xml:4:5-78
	android:name
		ADDED from src\main\AndroidManifest.xml:8:22-76
uses-permission#android.permission.SYSTEM_ALERT_WINDOW
ADDED from src\main\AndroidManifest.xml:9:5-77
	android:name
		ADDED from src\main\AndroidManifest.xml:9:22-75
uses-feature#android.hardware.camera
ADDED from src\main\AndroidManifest.xml:10:5-60
	android:name
		ADDED from src\main\AndroidManifest.xml:10:19-57
uses-permission#android.permission.ACCESS_COARSE_LOCATION
ADDED from src\main\AndroidManifest.xml:13:5-81
	android:name
		ADDED from src\main\AndroidManifest.xml:13:22-78
uses-permission#android.permission.READ_EXTERNAL_STORAGE
ADDED from src\main\AndroidManifest.xml:14:5-80
	android:name
		ADDED from src\main\AndroidManifest.xml:14:22-77
uses-permission#android.permission.WRITE_EXTERNAL_STORAGE
ADDED from src\main\AndroidManifest.xml:15:5-81
	android:name
		ADDED from src\main\AndroidManifest.xml:15:22-78
uses-permission#android.permission.ACCESS_FINE_LOCATION
ADDED from src\main\AndroidManifest.xml:16:5-79
	android:name
		ADDED from src\main\AndroidManifest.xml:16:22-76
uses-permission#com.google.android.providers.gsf.permission.    READ_GSERVICES
ADDED from src\main\AndroidManifest.xml:17:5-18:23
	android:name
		ADDED from src\main\AndroidManifest.xml:17:5-18:23
application
ADDED from src\main\AndroidManifest.xml:20:5-91:19
MERGED from [com.android.support:design:25.3.1] AndroidManifest.xml:29:5-20
MERGED from [com.android.support:design:25.3.1] AndroidManifest.xml:29:5-20
MERGED from [com.google.android.gms:play-services:10.2.6] AndroidManifest.xml:5:5-20
MERGED from [com.google.android.gms:play-services:10.2.6] AndroidManifest.xml:5:5-20
MERGED from [com.google.android.gms:play-services-cast-framework:10.2.6] AndroidManifest.xml:4:5-8:19
MERGED from [com.google.android.gms:play-services-cast-framework:10.2.6] AndroidManifest.xml:4:5-8:19
MERGED from [com.google.android.gms:play-services-cast:10.2.6] AndroidManifest.xml:18:5-19
MERGED from [com.google.android.gms:play-services-cast:10.2.6] AndroidManifest.xml:18:5-19
MERGED from [com.android.support:mediarouter-v7:25.2.0] AndroidManifest.xml:22:5-20
MERGED from [com.android.support:mediarouter-v7:25.2.0] AndroidManifest.xml:22:5-20
MERGED from [com.android.support:appcompat-v7:25.3.1] AndroidManifest.xml:29:5-20
MERGED from [com.android.support:appcompat-v7:25.3.1] AndroidManifest.xml:29:5-20
MERGED from [com.android.support.constraint:constraint-layout:1.0.2] AndroidManifest.xml:9:5-20
MERGED from [com.android.support.constraint:constraint-layout:1.0.2] AndroidManifest.xml:9:5-20
MERGED from [com.github.clans:fab:1.6.2] AndroidManifest.xml:12:5-20
MERGED from [com.github.clans:fab:1.6.2] AndroidManifest.xml:12:5-20
MERGED from [com.google.firebase:firebase-messaging:10.2.6] AndroidManifest.xml:19:5-29:19
MERGED from [com.google.firebase:firebase-messaging:10.2.6] AndroidManifest.xml:19:5-29:19
MERGED from [com.android.support:cardview-v7:25.3.1] AndroidManifest.xml:26:5-20
MERGED from [com.android.support:cardview-v7:25.3.1] AndroidManifest.xml:26:5-20
MERGED from [com.google.firebase:firebase-core:10.2.6] AndroidManifest.xml:5:5-20
MERGED from [com.google.firebase:firebase-core:10.2.6] AndroidManifest.xml:5:5-20
MERGED from [com.android.support:transition:25.3.1] AndroidManifest.xml:26:5-20
MERGED from [com.android.support:transition:25.3.1] AndroidManifest.xml:26:5-20
MERGED from [com.google.firebase:firebase-config:10.2.6] AndroidManifest.xml:18:5-19
MERGED from [com.google.firebase:firebase-config:10.2.6] AndroidManifest.xml:18:5-19
MERGED from [com.google.firebase:firebase-crash:10.2.6] AndroidManifest.xml:22:5-23:19
MERGED from [com.google.firebase:firebase-crash:10.2.6] AndroidManifest.xml:22:5-23:19
MERGED from [com.google.android.gms:play-services-tagmanager-api:10.2.6] AndroidManifest.xml:23:5-33:19
MERGED from [com.google.android.gms:play-services-tagmanager-api:10.2.6] AndroidManifest.xml:23:5-33:19
MERGED from [com.google.firebase:firebase-analytics:10.2.6] AndroidManifest.xml:24:5-33:19
MERGED from [com.google.firebase:firebase-analytics:10.2.6] AndroidManifest.xml:24:5-33:19
MERGED from [com.google.firebase:firebase-analytics-impl:10.2.6] AndroidManifest.xml:24:5-28:19
MERGED from [com.google.firebase:firebase-analytics-impl:10.2.6] AndroidManifest.xml:24:5-28:19
MERGED from [com.google.firebase:firebase-iid:10.2.6] AndroidManifest.xml:28:5-49:19
MERGED from [com.google.firebase:firebase-iid:10.2.6] AndroidManifest.xml:28:5-49:19
MERGED from [com.google.firebase:firebase-auth:10.2.6] AndroidManifest.xml:19:5-20:19
MERGED from [com.google.firebase:firebase-auth:10.2.6] AndroidManifest.xml:19:5-20:19
MERGED from [com.google.firebase:firebase-appindexing:10.2.6] AndroidManifest.xml:18:5-19
MERGED from [com.google.firebase:firebase-appindexing:10.2.6] AndroidManifest.xml:18:5-19
MERGED from [com.google.firebase:firebase-common:10.2.6] AndroidManifest.xml:4:5-7:19
MERGED from [com.google.firebase:firebase-common:10.2.6] AndroidManifest.xml:4:5-7:19
MERGED from [com.google.android.gms:play-services-ads-lite:10.2.6] AndroidManifest.xml:23:5-27:19
MERGED from [com.google.android.gms:play-services-ads-lite:10.2.6] AndroidManifest.xml:23:5-27:19
MERGED from [com.google.android.gms:play-services-analytics:10.2.6] AndroidManifest.xml:26:5-19
MERGED from [com.google.android.gms:play-services-analytics:10.2.6] AndroidManifest.xml:26:5-19
MERGED from [com.google.android.gms:play-services-tagmanager-v4-impl:10.2.6] AndroidManifest.xml:19:5-19
MERGED from [com.google.android.gms:play-services-tagmanager-v4-impl:10.2.6] AndroidManifest.xml:19:5-19
MERGED from [com.google.android.gms:play-services-analytics-impl:10.2.6] AndroidManifest.xml:26:5-19
MERGED from [com.google.android.gms:play-services-analytics-impl:10.2.6] AndroidManifest.xml:26:5-19
MERGED from [com.google.android.gms:play-services-appinvite:10.2.6] AndroidManifest.xml:19:5-26:19
MERGED from [com.google.android.gms:play-services-appinvite:10.2.6] AndroidManifest.xml:19:5-26:19
MERGED from [com.google.android.gms:play-services-auth:10.2.6] AndroidManifest.xml:19:5-25:19
MERGED from [com.google.android.gms:play-services-auth:10.2.6] AndroidManifest.xml:19:5-25:19
MERGED from [com.google.android.gms:play-services-clearcut:10.2.6] AndroidManifest.xml:18:5-19
MERGED from [com.google.android.gms:play-services-clearcut:10.2.6] AndroidManifest.xml:18:5-19
MERGED from [com.google.android.gms:play-services-awareness:10.2.6] AndroidManifest.xml:18:5-19
MERGED from [com.google.android.gms:play-services-awareness:10.2.6] AndroidManifest.xml:18:5-19
MERGED from [com.google.android.gms:play-services-games:10.2.6] AndroidManifest.xml:18:5-19
MERGED from [com.google.android.gms:play-services-games:10.2.6] AndroidManifest.xml:18:5-19
MERGED from [com.google.android.gms:play-services-drive:10.2.6] AndroidManifest.xml:18:5-19
MERGED from [com.google.android.gms:play-services-drive:10.2.6] AndroidManifest.xml:18:5-19
MERGED from [com.google.android.gms:play-services-fitness:10.2.6] AndroidManifest.xml:18:5-19
MERGED from [com.google.android.gms:play-services-fitness:10.2.6] AndroidManifest.xml:18:5-19
MERGED from [com.google.android.gms:play-services-gcm:10.2.6] AndroidManifest.xml:23:5-19
MERGED from [com.google.android.gms:play-services-gcm:10.2.6] AndroidManifest.xml:23:5-19
MERGED from [com.google.android.gms:play-services-identity:10.2.6] AndroidManifest.xml:18:5-19
MERGED from [com.google.android.gms:play-services-identity:10.2.6] AndroidManifest.xml:18:5-19
MERGED from [com.google.android.gms:play-services-iid:10.2.6] AndroidManifest.xml:23:5-19
MERGED from [com.google.android.gms:play-services-iid:10.2.6] AndroidManifest.xml:23:5-19
MERGED from [com.google.android.gms:play-services-location:10.2.6] AndroidManifest.xml:4:5-19
MERGED from [com.google.android.gms:play-services-location:10.2.6] AndroidManifest.xml:4:5-19
MERGED from [com.google.android.gms:play-services-places:10.2.6] AndroidManifest.xml:18:5-19
MERGED from [com.google.android.gms:play-services-places:10.2.6] AndroidManifest.xml:18:5-19
MERGED from [com.google.android.gms:play-services-maps:10.2.6] AndroidManifest.xml:24:5-19
MERGED from [com.google.android.gms:play-services-maps:10.2.6] AndroidManifest.xml:24:5-19
MERGED from [com.google.android.gms:play-services-nearby:10.2.6] AndroidManifest.xml:5:5-19
MERGED from [com.google.android.gms:play-services-nearby:10.2.6] AndroidManifest.xml:5:5-19
MERGED from [com.google.android.gms:play-services-panorama:10.2.6] AndroidManifest.xml:18:5-19
MERGED from [com.google.android.gms:play-services-panorama:10.2.6] AndroidManifest.xml:18:5-19
MERGED from [com.google.android.gms:play-services-plus:10.2.6] AndroidManifest.xml:18:5-19
MERGED from [com.google.android.gms:play-services-plus:10.2.6] AndroidManifest.xml:18:5-19
MERGED from [com.google.android.gms:play-services-safetynet:10.2.6] AndroidManifest.xml:18:5-19
MERGED from [com.google.android.gms:play-services-safetynet:10.2.6] AndroidManifest.xml:18:5-19
MERGED from [com.google.android.gms:play-services-vision:10.2.6] AndroidManifest.xml:4:5-19
MERGED from [com.google.android.gms:play-services-vision:10.2.6] AndroidManifest.xml:4:5-19
MERGED from [com.google.android.gms:play-services-wearable:10.2.6] AndroidManifest.xml:18:5-19
MERGED from [com.google.android.gms:play-services-wearable:10.2.6] AndroidManifest.xml:18:5-19
MERGED from [com.google.android.gms:play-services-base:10.2.6] AndroidManifest.xml:18:5-20:19
MERGED from [com.google.android.gms:play-services-base:10.2.6] AndroidManifest.xml:18:5-20:19
MERGED from [com.google.android.gms:play-services-gass:10.2.6] AndroidManifest.xml:4:5-19
MERGED from [com.google.android.gms:play-services-gass:10.2.6] AndroidManifest.xml:4:5-19
MERGED from [com.google.android.gms:play-services-tasks:10.2.6] AndroidManifest.xml:4:5-19
MERGED from [com.google.android.gms:play-services-tasks:10.2.6] AndroidManifest.xml:4:5-19
MERGED from [com.google.android.gms:play-services-basement:10.2.6] AndroidManifest.xml:19:5-21:19
MERGED from [com.google.android.gms:play-services-basement:10.2.6] AndroidManifest.xml:19:5-21:19
MERGED from [com.android.support:support-v4:25.3.1] AndroidManifest.xml:29:5-20
MERGED from [com.android.support:support-v4:25.3.1] AndroidManifest.xml:29:5-20
MERGED from [com.android.support:support-fragment:25.3.1] AndroidManifest.xml:29:5-20
MERGED from [com.android.support:support-fragment:25.3.1] AndroidManifest.xml:29:5-20
MERGED from [com.android.support:support-core-ui:25.3.1] AndroidManifest.xml:29:5-20
MERGED from [com.android.support:support-core-ui:25.3.1] AndroidManifest.xml:29:5-20
MERGED from [com.android.support:support-media-compat:25.3.1] AndroidManifest.xml:29:5-20
MERGED from [com.android.support:support-media-compat:25.3.1] AndroidManifest.xml:29:5-20
MERGED from [com.android.support:animated-vector-drawable:25.3.1] AndroidManifest.xml:26:5-20
MERGED from [com.android.support:animated-vector-drawable:25.3.1] AndroidManifest.xml:26:5-20
MERGED from [com.android.support:support-vector-drawable:25.3.1] AndroidManifest.xml:26:5-20
MERGED from [com.android.support:support-vector-drawable:25.3.1] AndroidManifest.xml:26:5-20
MERGED from [com.android.support:palette-v7:25.2.0] AndroidManifest.xml:22:5-23:19
MERGED from [com.android.support:palette-v7:25.2.0] AndroidManifest.xml:22:5-23:19
MERGED from [com.android.support:support-core-utils:25.3.1] AndroidManifest.xml:29:5-20
MERGED from [com.android.support:support-core-utils:25.3.1] AndroidManifest.xml:29:5-20
MERGED from [com.android.support:support-compat:25.3.1] AndroidManifest.xml:29:5-20
MERGED from [com.android.support:support-compat:25.3.1] AndroidManifest.xml:29:5-20
	android:supportsRtl
		ADDED from src\main\AndroidManifest.xml:23:9-35
	android:label
		ADDED from src\main\AndroidManifest.xml:25:9-41
	android:hardwareAccelerated
		ADDED from src\main\AndroidManifest.xml:27:9-43
	tools:ignore
		ADDED from src\main\AndroidManifest.xml:26:9-48
	android:icon
		ADDED from src\main\AndroidManifest.xml:22:9-43
	android:allowBackup
		ADDED from src\main\AndroidManifest.xml:21:9-35
	android:theme
		ADDED from src\main\AndroidManifest.xml:24:9-40
meta-data#com.google.android.geo.API_KEY
ADDED from src\main\AndroidManifest.xml:29:9-31:71
	android:value
		ADDED from src\main\AndroidManifest.xml:31:13-68
	android:name
		ADDED from src\main\AndroidManifest.xml:30:13-58
activity#ru.likada.monitoringdriver.LoginActivity
ADDED from src\main\AndroidManifest.xml:47:9-55:20
	android:configChanges
		ADDED from src\main\AndroidManifest.xml:49:13-59
	android:theme
		ADDED from src\main\AndroidManifest.xml:48:13-56
	android:name
		ADDED from src\main\AndroidManifest.xml:47:19-48
intent-filter#android.intent.action.MAIN+android.intent.category.LAUNCHER
ADDED from src\main\AndroidManifest.xml:50:13-54:29
action#android.intent.action.MAIN
ADDED from src\main\AndroidManifest.xml:51:17-69
	android:name
		ADDED from src\main\AndroidManifest.xml:51:25-66
category#android.intent.category.LAUNCHER
ADDED from src\main\AndroidManifest.xml:53:17-77
	android:name
		ADDED from src\main\AndroidManifest.xml:53:27-74
activity#ru.likada.monitoringdriver.MainActivity
ADDED from src\main\AndroidManifest.xml:56:9-63:20
	android:label
		ADDED from src\main\AndroidManifest.xml:58:13-47
	android:hardwareAccelerated
		ADDED from src\main\AndroidManifest.xml:62:13-47
	android:configChanges
		ADDED from src\main\AndroidManifest.xml:61:13-59
	android:theme
		ADDED from src\main\AndroidManifest.xml:60:13-56
	android:logo
		ADDED from src\main\AndroidManifest.xml:59:13-42
	android:name
		ADDED from src\main\AndroidManifest.xml:57:13-41
activity#ru.likada.monitoringdriver.GoogleMapActivity
ADDED from src\main\AndroidManifest.xml:64:9-74:20
	android:label
		ADDED from src\main\AndroidManifest.xml:66:13-47
	android:hardwareAccelerated
		ADDED from src\main\AndroidManifest.xml:70:13-47
	android:configChanges
		ADDED from src\main\AndroidManifest.xml:69:13-59
	android:theme
		ADDED from src\main\AndroidManifest.xml:68:13-55
	android:logo
		ADDED from src\main\AndroidManifest.xml:67:13-42
	android:name
		ADDED from src\main\AndroidManifest.xml:65:13-46
intent-filter#android.intent.category.APP_MAPS
ADDED from src\main\AndroidManifest.xml:71:13-73:29
category#android.intent.category.APP_MAPS
ADDED from src\main\AndroidManifest.xml:72:17-77
	android:name
		ADDED from src\main\AndroidManifest.xml:72:27-74
service#ru.likada.monitoringdriver.MessageNotification.MyFirebaseMessagingService
ADDED from src\main\AndroidManifest.xml:77:9-82:19
	android:name
		ADDED from src\main\AndroidManifest.xml:78:13-75
intent-filter#com.google.firebase.MESSAGING_EVENT
ADDED from src\main\AndroidManifest.xml:79:13-81:29
action#com.google.firebase.MESSAGING_EVENT
ADDED from src\main\AndroidManifest.xml:80:17-77
	android:name
		ADDED from src\main\AndroidManifest.xml:80:25-75
service#ru.likada.monitoringdriver.MessageNotification.MyFirebaseInstanceIDService
ADDED from src\main\AndroidManifest.xml:84:9-89:19
	android:name
		ADDED from src\main\AndroidManifest.xml:85:13-76
intent-filter#com.google.firebase.INSTANCE_ID_EVENT
ADDED from src\main\AndroidManifest.xml:86:13-88:29
action#com.google.firebase.INSTANCE_ID_EVENT
ADDED from src\main\AndroidManifest.xml:87:17-79
	android:name
		ADDED from src\main\AndroidManifest.xml:87:25-77
uses-sdk
INJECTED from src\main\AndroidManifest.xml reason: use-sdk injection requested
INJECTED from src\main\AndroidManifest.xml
INJECTED from src\main\AndroidManifest.xml
MERGED from [de.keyboardsurfer.android.widget:crouton:1.8.5] AndroidManifest.xml:22:5-24:41
MERGED from [de.keyboardsurfer.android.widget:crouton:1.8.5] AndroidManifest.xml:22:5-24:41
MERGED from [com.android.support:design:25.3.1] AndroidManifest.xml:21:5-23:62
MERGED from [com.android.support:design:25.3.1] AndroidManifest.xml:21:5-23:62
MERGED from [com.google.android.gms:play-services:10.2.6] AndroidManifest.xml:4:5-43
MERGED from [com.google.android.gms:play-services:10.2.6] AndroidManifest.xml:4:5-43
MERGED from [com.google.android.gms:play-services-cast-framework:10.2.6] AndroidManifest.xml:3:5-43
MERGED from [com.google.android.gms:play-services-cast-framework:10.2.6] AndroidManifest.xml:3:5-43
MERGED from [com.google.android.gms:play-services-cast:10.2.6] AndroidManifest.xml:17:5-43
MERGED from [com.google.android.gms:play-services-cast:10.2.6] AndroidManifest.xml:17:5-43
MERGED from [com.android.support:mediarouter-v7:25.2.0] AndroidManifest.xml:20:5-43
MERGED from [com.android.support:mediarouter-v7:25.2.0] AndroidManifest.xml:20:5-43
MERGED from [com.android.support:appcompat-v7:25.3.1] AndroidManifest.xml:21:5-23:78
MERGED from [com.android.support:appcompat-v7:25.3.1] AndroidManifest.xml:21:5-23:78
MERGED from [com.android.support.constraint:constraint-layout:1.0.2] AndroidManifest.xml:5:5-7:41
MERGED from [com.android.support.constraint:constraint-layout:1.0.2] AndroidManifest.xml:5:5-7:41
MERGED from [io.realm:android-adapters:2.0.0] AndroidManifest.xml:6:5-8:41
MERGED from [io.realm:android-adapters:2.0.0] AndroidManifest.xml:6:5-8:41
MERGED from [com.github.clans:fab:1.6.2] AndroidManifest.xml:8:5-10:41
MERGED from [com.github.clans:fab:1.6.2] AndroidManifest.xml:8:5-10:41
MERGED from [com.google.firebase:firebase-messaging:10.2.6] AndroidManifest.xml:17:5-43
MERGED from [com.google.firebase:firebase-messaging:10.2.6] AndroidManifest.xml:17:5-43
MERGED from [com.android.support:cardview-v7:25.3.1] AndroidManifest.xml:20:5-43
MERGED from [com.android.support:cardview-v7:25.3.1] AndroidManifest.xml:20:5-43
MERGED from [com.android.support:recyclerview-v7:25.3.1] AndroidManifest.xml:20:5-43
MERGED from [com.android.support:recyclerview-v7:25.3.1] AndroidManifest.xml:20:5-43
MERGED from [com.google.firebase:firebase-core:10.2.6] AndroidManifest.xml:4:5-43
MERGED from [com.google.firebase:firebase-core:10.2.6] AndroidManifest.xml:4:5-43
MERGED from [com.android.support:multidex:1.0.2] AndroidManifest.xml:20:5-43
MERGED from [com.android.support:multidex:1.0.2] AndroidManifest.xml:20:5-43
MERGED from [com.android.support:transition:25.3.1] AndroidManifest.xml:20:5-44
MERGED from [com.android.support:transition:25.3.1] AndroidManifest.xml:20:5-44
MERGED from [com.google.firebase:firebase-config:10.2.6] AndroidManifest.xml:17:5-43
MERGED from [com.google.firebase:firebase-config:10.2.6] AndroidManifest.xml:17:5-43